#
# A fatal error has been detected by the Java Runtime Environment:
#
#  SIGSEGV (0xb) at pc=0x00007fff3a75f7fe, pid=12495, tid=0x000000000000df03
#
# JRE version: OpenJDK Runtime Environment (8.0_242) (build 1.8.0_242-release-1644-b3-6915495)
# Java VM: OpenJDK 64-Bit Server VM (25.242-b3-6915495 mixed mode bsd-amd64 compressed oops)
# Problematic frame:
# C  [GLEngine+0x12a7fe]  gleRunVertexSubmitImmediate+0x19ce
#
# Failed to write core dump. Core dumps have been disabled. To enable core dumping, try "ulimit -c unlimited" before starting Java again
#
# If you would like to submit a bug report, please visit:
#   http://bugreport.java.com/bugreport/crash.jsp
# The crash happened outside the Java Virtual Machine in native code.
# See problematic frame for where to report the bug.
#

---------------  T H R E A D  ---------------

Current thread (0x00007ff5b4a8f000):  JavaThread "LWJGL Application" [_thread_in_native, id=57091, stack(0x0000700011303000,0x0000700011403000)]

siginfo: si_signo: 11 (SIGSEGV), si_code: 1 (SEGV_MAPERR), si_addr: 0x00007ff5b7abcfe0

Registers:
RAX=0x00007ff5b7abcfe0, RBX=0x0000000000001432, RCX=0x00007fff3a75f7fe, RDX=0x00007fff3a760b94
RSP=0x0000700011402600, RBP=0x00007000114027a0, RSI=0x0000000000000027, RDI=0x0000000000000002
R8 =0x0000000000000005, R9 =0x00007ff5b45cc190, R10=0x0000000000000006, R11=0x0000000286401083
R12=0x0000000000000000, R13=0x0000000000000000, R14=0x0000000000000001, R15=0x0000143200841800
RIP=0x00007fff3a75f7fe, EFLAGS=0x0000000000010203, ERR=0x0000000000000004
  TRAPNO=0x000000000000000e

Top of Stack: (sp=0x0000700011402600)
0x0000700011402600:   cb000000cb000000 cb000000cb000000
0x0000700011402610:   0000000000000000 0000000000000000
0x0000700011402620:   40de7d1c7f1c7301 00007ff5b79a1170
0x0000700011402630:   00007ff5b79a1140 00007ff5b79a11a0
0x0000700011402640:   00007ff5b79a1160 00007ff5b79a1180
0x0000700011402650:   00007ff5b79a1150 0000000000000002
0x0000700011402660:   0000000000000000 0000000000000000
0x0000700011402670:   00007ff5b79a1190 00007ff5b45cc190
0x0000700011402680:   fffffffffffffffe 0000000700000002
0x0000700011402690:   3f8000003f800000 3f8000003f800000
0x00007000114026a0:   0000000000000000 0000000000002040
0x00007000114026b0:   0000000000000000 0000370602000000
0x00007000114026c0:   0000000000000000 00007ff5b79a1000
0x00007000114026d0:   0000000000000001 0000000000000000
0x00007000114026e0:   0914e45a00000001 00007ff5b79add90
0x00007000114026f0:   000000003f800000 fc00000000000000
0x0000700011402700:   000000000000b598 0000000000000005
0x0000700011402710:   0000000000000000 00007fff27632e5c
0x0000700011402720:   0000370602000000 00007ff5b79b42b0
0x0000700011402730:   00007ff5b7abcfe0 000000011e55d0a0
0x0000700011402740:   000000011e55d0c0 00007ff5b5a81400
0x0000700011402750:   00007ff5b79a4da0 00007ff5b79a4fb0
0x0000700011402760:   00007ff5b52597c0 0000000000000000
0x0000700011402770:   c1a9cd0324350004 0000000000000000
0x0000700011402780:   00007ff5b79a1000 00007ff5b5259400
0x0000700011402790:   0000000000000006 0000000000000006
0x00007000114027a0:   0000700011402800 00007fff3a6fdadb
0x00007000114027b0:   00007fff399dce5d 00007ff5b5259840
0x00007000114027c0:   0000000000000004 0000000000000006
0x00007000114027d0:   0000000600000004 00000000f2c0c379
0x00007000114027e0:   0000000000000000 00000000f2c0c396
0x00007000114027f0:   0000700011402848 00007ff5b4a8f000 

Instructions: (pc=0x00007fff3a75f7fe)
0x00007fff3a75f7de:   10 00 00 48 b9 00 00 00 00 00 00 80 3f 49 89 4c
0x00007fff3a75f7ee:   00 08 49 39 de 0f 85 80 e9 ff ff e9 c2 10 00 00
0x00007fff3a75f7fe:   48 8b 00 48 89 85 18 ff ff ff 48 89 45 80 e9 bf
0x00007fff3a75f80e:   f4 ff ff 48 8b 08 48 89 8d 18 ff ff ff 48 89 4d 

Register to memory mapping:

RAX=0x00007ff5b7abcfe0 is an unknown value
RBX=0x0000000000001432 is an unknown value
RCX=0x00007fff3a75f7fe: gleRunVertexSubmitImmediate+0x19ce in /System/Library/Frameworks/OpenGL.framework/Versions/A/Resources/GLEngine.bundle/GLEngine at 0x00007fff3a635000
RDX=0x00007fff3a760b94: gleRunVertexSubmitImmediate+0x2d64 in /System/Library/Frameworks/OpenGL.framework/Versions/A/Resources/GLEngine.bundle/GLEngine at 0x00007fff3a635000
RSP=0x0000700011402600 is pointing into the stack for thread: 0x00007ff5b4a8f000
RBP=0x00007000114027a0 is pointing into the stack for thread: 0x00007ff5b4a8f000
RSI=0x0000000000000027 is an unknown value
RDI=0x0000000000000002 is an unknown value
R8 =0x0000000000000005 is an unknown value
R9 =0x00007ff5b45cc190 is an unknown value
R10=0x0000000000000006 is an unknown value
R11=0x0000000286401083 is an unknown value
R12=0x0000000000000000 is an unknown value
R13=0x0000000000000000 is an unknown value
R14=0x0000000000000001 is an unknown value
R15=0x0000143200841800 is an unknown value


Stack: [0x0000700011303000,0x0000700011403000],  sp=0x0000700011402600,  free space=1021k
Native frames: (J=compiled Java code, j=interpreted, Vv=VM code, C=native code)
C  [GLEngine+0x12a7fe]  gleRunVertexSubmitImmediate+0x19ce
C  [GLEngine+0xc8adb]  glDrawElements_IMM_Exec+0x3b4
J 701  org.lwjgl.opengl.GL11.nglDrawElements(IIIJJ)V (0 bytes) @ 0x000000010c404048 [0x000000010c403f80+0xc8]
J 869 C2 com.badlogic.gdx.graphics.Mesh.render(Lcom/badlogic/gdx/graphics/glutils/ShaderProgram;IIIZ)V (341 bytes) @ 0x000000010c4844e8 [0x000000010c4842a0+0x248]
J 778 C2 com.badlogic.gdx.graphics.g2d.SpriteBatch.flush()V (193 bytes) @ 0x000000010c440bd8 [0x000000010c4407e0+0x3f8]
J 872 C2 com.badlogic.gdx.graphics.g2d.SpriteBatch.end()V (66 bytes) @ 0x000000010c486990 [0x000000010c486940+0x50]
j  com.mygdx.game.Helicopter.dispose()V+22
j  com.badlogic.gdx.backends.lwjgl.LwjglApplication.mainLoop()V+924
j  com.badlogic.gdx.backends.lwjgl.LwjglApplication$1.run()V+27
v  ~StubRoutines::call_stub
V  [libjvm.dylib+0x2cc647]  JavaCalls::call_helper(JavaValue*, methodHandle*, JavaCallArguments*, Thread*)+0x69b
V  [libjvm.dylib+0x2cb4a2]  JavaCalls::call_virtual(JavaValue*, KlassHandle, Symbol*, Symbol*, JavaCallArguments*, Thread*)+0x14a
V  [libjvm.dylib+0x2cb680]  JavaCalls::call_virtual(JavaValue*, Handle, KlassHandle, Symbol*, Symbol*, Thread*)+0x54
V  [libjvm.dylib+0x31bcc4]  thread_entry(JavaThread*, Thread*)+0x78
V  [libjvm.dylib+0x527e84]  JavaThread::thread_main_inner()+0x82
V  [libjvm.dylib+0x527d49]  JavaThread::run()+0x199
V  [libjvm.dylib+0x45b9eb]  java_start(Thread*)+0xfa
C  [libsystem_pthread.dylib+0x6109]  _pthread_start+0x94
C  [libsystem_pthread.dylib+0x1b8b]  thread_start+0xf
C  0x0000000000000000

Java frames: (J=compiled Java code, j=interpreted, Vv=VM code)
J 701  org.lwjgl.opengl.GL11.nglDrawElements(IIIJJ)V (0 bytes) @ 0x000000010c403fce [0x000000010c403f80+0x4e]
J 869 C2 com.badlogic.gdx.graphics.Mesh.render(Lcom/badlogic/gdx/graphics/glutils/ShaderProgram;IIIZ)V (341 bytes) @ 0x000000010c4844e8 [0x000000010c4842a0+0x248]
J 778 C2 com.badlogic.gdx.graphics.g2d.SpriteBatch.flush()V (193 bytes) @ 0x000000010c440bd8 [0x000000010c4407e0+0x3f8]
J 872 C2 com.badlogic.gdx.graphics.g2d.SpriteBatch.end()V (66 bytes) @ 0x000000010c486990 [0x000000010c486940+0x50]
j  com.mygdx.game.Helicopter.dispose()V+22
j  com.badlogic.gdx.backends.lwjgl.LwjglApplication.mainLoop()V+924
j  com.badlogic.gdx.backends.lwjgl.LwjglApplication$1.run()V+27
v  ~StubRoutines::call_stub

---------------  P R O C E S S  ---------------

Java Threads: ( => current thread )
  0x00007ff5b613a800 JavaThread "AWT-Shutdown" [_thread_blocked, id=12683, stack(0x0000700010eee000,0x0000700010fee000)]
  0x00007ff5b506b800 JavaThread "DestroyJavaVM" [_thread_blocked, id=3075, stack(0x000070000ff3b000,0x000070001003b000)]
=>0x00007ff5b4a8f000 JavaThread "LWJGL Application" [_thread_in_native, id=57091, stack(0x0000700011303000,0x0000700011403000)]
  0x00007ff5b60db800 JavaThread "AWT-AppKit" daemon [_thread_in_native, id=775, stack(0x00007ffeec2f7000,0x00007ffeecaf7000)]
  0x00007ff5b480f000 JavaThread "Service Thread" daemon [_thread_blocked, id=17155, stack(0x0000700010ce8000,0x0000700010de8000)]
  0x00007ff5b5816800 JavaThread "C1 CompilerThread2" daemon [_thread_blocked, id=17411, stack(0x0000700010be5000,0x0000700010ce5000)]
  0x00007ff5b5816000 JavaThread "C2 CompilerThread1" daemon [_thread_blocked, id=13315, stack(0x0000700010ae2000,0x0000700010be2000)]
  0x00007ff5b4868800 JavaThread "C2 CompilerThread0" daemon [_thread_blocked, id=17923, stack(0x00007000109df000,0x0000700010adf000)]
  0x00007ff5b4867800 JavaThread "Signal Dispatcher" daemon [_thread_blocked, id=18435, stack(0x00007000108dc000,0x00007000109dc000)]
  0x00007ff5b6012800 JavaThread "Finalizer" daemon [_thread_blocked, id=20739, stack(0x0000700010650000,0x0000700010750000)]
  0x00007ff5b501a800 JavaThread "Reference Handler" daemon [_thread_blocked, id=21251, stack(0x000070001054d000,0x000070001064d000)]

Other Threads:
  0x00007ff5b5014000 VMThread [stack: 0x000070001044a000,0x000070001054a000] [id=11267]
  0x00007ff5b5819800 WatcherThread [stack: 0x0000700010deb000,0x0000700010eeb000] [id=14339]

VM state:not at safepoint (normal execution)

VM Mutex/Monitor currently owned by a thread: None

heap address: 0x0000000740000000, size: 2048 MB, Compressed Oops mode: Zero based, Oop shift amount: 3
Narrow klass base: 0x0000000000000000, Narrow klass shift: 3
Compressed class space size: 1073741824 Address: 0x00000007c0000000

Heap:
 PSYoungGen      total 38400K, used 18358K [0x0000000795580000, 0x0000000798000000, 0x00000007c0000000)
  eden space 33280K, 55% used [0x0000000795580000,0x000000079676d8b0,0x0000000797600000)
  from space 5120K, 0% used [0x0000000797b00000,0x0000000797b00000,0x0000000798000000)
  to   space 5120K, 0% used [0x0000000797600000,0x0000000797600000,0x0000000797b00000)
 ParOldGen       total 87552K, used 0K [0x0000000740000000, 0x0000000745580000, 0x0000000795580000)
  object space 87552K, 0% used [0x0000000740000000,0x0000000740000000,0x0000000745580000)
 Metaspace       used 8233K, capacity 8405K, committed 8576K, reserved 1056768K
  class space    used 778K, capacity 857K, committed 896K, reserved 1048576K

Card table byte_map: [0x0000000104c78000,0x0000000105079000] byte_map_base: 0x0000000101278000

Marking Bits: (ParMarkBitMap*) 0x00000001042273f8
 Begin Bits: [0x0000000105324000, 0x0000000107324000)
 End Bits:   [0x0000000107324000, 0x0000000109324000)

Polling page: 0x0000000103199000

CodeCache: size=245760Kb used=3560Kb max_used=3575Kb free=242199Kb
 bounds [0x000000010c129000, 0x000000010c4b9000, 0x000000011b129000]
 total_blobs=1358 nmethods=913 adapters=360
 compilation: enabled

Compilation events (10 events):
Event: 20.574 Thread 0x00007ff5b4868800  910       4       java.nio.DirectIntBufferU::get (16 bytes)
Event: 20.576 Thread 0x00007ff5b4868800 nmethod 910 0x000000010c46e810 code [0x000000010c46e960, 0x000000010c46ea18]
Event: 20.758 Thread 0x00007ff5b5816000  911       4       com.badlogic.gdx.graphics.g2d.GlyphLayout::setText (1523 bytes)
Event: 20.883 Thread 0x00007ff5b5816000 nmethod 911 0x000000010c4a3c10 code [0x000000010c4a4000, 0x000000010c4a7cc0]
Event: 25.024 Thread 0x00007ff5b5816800  912       1       org.lwjgl.opengl.Display::wasResized (4 bytes)
Event: 25.024 Thread 0x00007ff5b5816800 nmethod 912 0x000000010c48f690 code [0x000000010c48f7e0, 0x000000010c48f8f0]
Event: 25.042 Thread 0x00007ff5b4868800  913       4       java.lang.Object::equals (11 bytes)
Event: 25.042 Thread 0x00007ff5b4868800 nmethod 913 0x000000010c496c10 code [0x000000010c496d60, 0x000000010c496dd8]
Event: 26.010 Thread 0x00007ff5b5816000  914       4       java.nio.HeapByteBuffer::compact (52 bytes)
Event: 26.015 Thread 0x00007ff5b5816000 nmethod 914 0x000000010c49ab90 code [0x000000010c49ad00, 0x000000010c49aef8]

GC Heap History (0 events):
No events

Deoptimization events (2 events):
Event: 3.377 Thread 0x00007ff5b4a8f000 Uncommon trap: reason=unstable_if action=reinterpret pc=0x000000010c32006c method=java.lang.String.<init>([CII)V @ 18
Event: 3.430 Thread 0x00007ff5b4a8f000 Uncommon trap: reason=unstable_if action=reinterpret pc=0x000000010c2dbd08 method=java.lang.String.replace(CC)Ljava/lang/String; @ 26

Classes redefined (0 events):
No events

Internal exceptions (10 events):
Event: 0.659 Thread 0x00007ff5b480e000 Exception <a 'java/lang/NoSuchFieldError': method resolution failed> (0x0000000795aad660) thrown at [/Volumes/Android/buildbot/src/googleplex-android/openjdk/out/hotspot/src/share/vm/prims/methodHandles.cpp, line 1167]
Event: 0.671 Thread 0x00007ff5b480e000 Exception <a 'java/lang/NoSuchFieldError': method resolution failed> (0x0000000795abadf0) thrown at [/Volumes/Android/buildbot/src/googleplex-android/openjdk/out/hotspot/src/share/vm/prims/methodHandles.cpp, line 1167]
Event: 2.226 Thread 0x00007ff5b480e000 Exception <a 'java/io/FileNotFoundException'> (0x0000000795b35880) thrown at [/Volumes/Android/buildbot/src/googleplex-android/openjdk/out/hotspot/src/share/vm/prims/jni.cpp, line 710]
Event: 2.230 Thread 0x00007ff5b480e000 Exception <a 'java/io/FileNotFoundException'> (0x0000000795b36408) thrown at [/Volumes/Android/buildbot/src/googleplex-android/openjdk/out/hotspot/src/share/vm/prims/jni.cpp, line 710]
Event: 2.405 Thread 0x00007ff5b480e000 Exception <a 'java/security/PrivilegedActionException'> (0x0000000795b52508) thrown at [/Volumes/Android/buildbot/src/googleplex-android/openjdk/out/hotspot/src/share/vm/prims/jvm.cpp, line 1502]
Event: 2.405 Thread 0x00007ff5b480e000 Exception <a 'java/security/PrivilegedActionException'> (0x0000000795b540f0) thrown at [/Volumes/Android/buildbot/src/googleplex-android/openjdk/out/hotspot/src/share/vm/prims/jvm.cpp, line 1502]
Event: 2.405 Thread 0x00007ff5b480e000 Exception <a 'java/security/PrivilegedActionException'> (0x0000000795b55210) thrown at [/Volumes/Android/buildbot/src/googleplex-android/openjdk/out/hotspot/src/share/vm/prims/jvm.cpp, line 1502]
Event: 2.406 Thread 0x00007ff5b480e000 Exception <a 'java/security/PrivilegedActionException'> (0x0000000795b5a3e0) thrown at [/Volumes/Android/buildbot/src/googleplex-android/openjdk/out/hotspot/src/share/vm/prims/jvm.cpp, line 1502]
Event: 2.406 Thread 0x00007ff5b480e000 Exception <a 'java/security/PrivilegedActionException'> (0x0000000795b5b038) thrown at [/Volumes/Android/buildbot/src/googleplex-android/openjdk/out/hotspot/src/share/vm/prims/jvm.cpp, line 1502]
Event: 2.406 Thread 0x00007ff5b480e000 Exception <a 'java/security/PrivilegedActionException'> (0x0000000795b5bc60) thrown at [/Volumes/Android/buildbot/src/googleplex-android/openjdk/out/hotspot/src/share/vm/prims/jvm.cpp, line 1502]

Events (10 events):
Event: 15.586 Executing VM operation: RevokeBias
Event: 15.586 Executing VM operation: RevokeBias done
Event: 15.586 Thread 0x00007ff5b6191800 Thread exited: 0x00007ff5b6191800
Event: 15.668 Thread 0x00007ff5b597c800 Thread added: 0x00007ff5b597c800
Event: 25.740 Executing VM operation: RevokeBias
Event: 25.740 Executing VM operation: RevokeBias done
Event: 25.740 Thread 0x00007ff5b597c800 Thread exited: 0x00007ff5b597c800
Event: 27.296 Thread 0x00007ff5b613a800 Thread added: 0x00007ff5b613a800
Event: 27.443 loading class com/badlogic/gdx/backends/lwjgl/LwjglApplication$2
Event: 27.443 loading class com/badlogic/gdx/backends/lwjgl/LwjglApplication$2 done


Dynamic libraries:
0x00007fff2ec01000 	/System/Library/Frameworks/Cocoa.framework/Versions/A/Cocoa
0x00007fff3c3f8000 	/System/Library/Frameworks/Security.framework/Versions/A/Security
0x00007fff2db66000 	/System/Library/Frameworks/ApplicationServices.framework/Versions/A/ApplicationServices
0x00007fff690b0000 	/usr/lib/libz.1.dylib
0x00007fff66b76000 	/usr/lib/libSystem.B.dylib
0x00007fff2faa3000 	/System/Library/Frameworks/CoreFoundation.framework/Versions/A/CoreFoundation
0x00007fff32160000 	/System/Library/Frameworks/Foundation.framework/Versions/C/Foundation
0x00007fff689d4000 	/usr/lib/libobjc.A.dylib
0x00007fff2cd56000 	/System/Library/Frameworks/AppKit.framework/Versions/C/AppKit
0x00007fff2f585000 	/System/Library/Frameworks/CoreData.framework/Versions/A/CoreData
0x00007fff60b8a000 	/System/Library/PrivateFrameworks/UIFoundation.framework/Versions/A/UIFoundation
0x00007fff5bc1e000 	/System/Library/PrivateFrameworks/RemoteViewServices.framework/Versions/A/RemoteViewServices
0x00007fff636e6000 	/System/Library/PrivateFrameworks/XCTTargetBootstrap.framework/Versions/A/XCTTargetBootstrap
0x00007fff2f970000 	/System/Library/Frameworks/CoreDisplay.framework/Versions/A/CoreDisplay
0x00007fff3501a000 	/System/Library/Frameworks/Metal.framework/Versions/A/Metal
0x00007fff49c10000 	/System/Library/PrivateFrameworks/DesktopServicesPriv.framework/Versions/A/DesktopServicesPriv
0x00007fff67caf000 	/usr/lib/liblangid.dylib
0x00007fff48ea5000 	/System/Library/PrivateFrameworks/CoreSVG.framework/Versions/A/CoreSVG
0x00007fff5ed7a000 	/System/Library/PrivateFrameworks/SkyLight.framework/Versions/A/SkyLight
0x00007fff2ff24000 	/System/Library/Frameworks/CoreGraphics.framework/Versions/A/CoreGraphics
0x00007fff2b72a000 	/System/Library/Frameworks/Accelerate.framework/Versions/A/Accelerate
0x00007fff68fa1000 	/usr/lib/libxml2.2.dylib
0x00007fff54bb3000 	/System/Library/PrivateFrameworks/IconServices.framework/Versions/A/IconServices
0x00007fff3293f000 	/System/Library/Frameworks/IOSurface.framework/Versions/A/IOSurface
0x00007fff666a0000 	/usr/lib/libDiagnosticMessagesClient.dylib
0x00007fff49a6a000 	/System/Library/PrivateFrameworks/DFRFoundation.framework/Versions/A/DFRFoundation
0x00007fff67a40000 	/usr/lib/libicucore.A.dylib
0x00007fff2de98000 	/System/Library/Frameworks/AudioToolbox.framework/Versions/A/AudioToolbox
0x00007fff2df7b000 	/System/Library/Frameworks/AudioUnit.framework/Versions/A/AudioUnit
0x00007fff66d78000 	/usr/lib/libauto.dylib
0x00007fff49b0c000 	/System/Library/PrivateFrameworks/DataDetectorsCore.framework/Versions/A/DataDetectorsCore
0x00007fff2e722000 	/System/Library/Frameworks/Carbon.framework/Versions/A/Frameworks/HIToolbox.framework/Versions/A/HIToolbox
0x00007fff3b5f2000 	/System/Library/Frameworks/QuartzCore.framework/Versions/A/QuartzCore
0x00007fff2ea61000 	/System/Library/Frameworks/Carbon.framework/Versions/A/Frameworks/SpeechRecognition.framework/Versions/A/SpeechRecognition
0x00007fff4957e000 	/System/Library/PrivateFrameworks/CoreUI.framework/Versions/A/CoreUI
0x00007fff2eff0000 	/System/Library/Frameworks/CoreAudio.framework/Versions/A/CoreAudio
0x00007fff31e1f000 	/System/Library/Frameworks/DiskArbitration.framework/Versions/A/DiskArbitration
0x00007fff56c03000 	/System/Library/PrivateFrameworks/MultitouchSupport.framework/Versions/A/MultitouchSupport
0x00007fff67907000 	/usr/lib/libenergytrace.dylib
0x00007fff32899000 	/System/Library/Frameworks/IOKit.framework/Versions/A/IOKit
0x00007fff30e8b000 	/System/Library/Frameworks/CoreServices.framework/Versions/A/CoreServices
0x00007fff58db1000 	/System/Library/PrivateFrameworks/PerformanceAnalysis.framework/Versions/A/PerformanceAnalysis
0x00007fff3a625000 	/System/Library/Frameworks/OpenGL.framework/Versions/A/OpenGL
0x00007fff2ec0f000 	/System/Library/Frameworks/ColorSync.framework/Versions/A/ColorSync
0x00007fff305a7000 	/System/Library/Frameworks/CoreImage.framework/Versions/A/CoreImage
0x00007fff318fe000 	/System/Library/Frameworks/CoreText.framework/Versions/A/CoreText
0x00007fff329cf000 	/System/Library/Frameworks/ImageIO.framework/Versions/A/ImageIO
0x00007fff66e5c000 	/usr/lib/libc++.1.dylib
0x00007fff66ed8000 	/usr/lib/libcompression.dylib
0x00007fff669e4000 	/usr/lib/libMobileGestalt.dylib
0x00007fff608f4000 	/System/Library/PrivateFrameworks/TextureIO.framework/Versions/A/TextureIO
0x00007fff66cdb000 	/usr/lib/libate.dylib
0x00007fff54dbc000 	/System/Library/PrivateFrameworks/InternationalSupport.framework/Versions/A/InternationalSupport
0x00007fff69971000 	/usr/lib/system/libcache.dylib
0x00007fff69977000 	/usr/lib/system/libcommonCrypto.dylib
0x00007fff69983000 	/usr/lib/system/libcompiler_rt.dylib
0x00007fff6998b000 	/usr/lib/system/libcopyfile.dylib
0x00007fff69995000 	/usr/lib/system/libcorecrypto.dylib
0x00007fff69b34000 	/usr/lib/system/libdispatch.dylib
0x00007fff69b75000 	/usr/lib/system/libdyld.dylib
0x00007fff69bac000 	/usr/lib/system/libkeymgr.dylib
0x00007fff69bba000 	/usr/lib/system/liblaunch.dylib
0x00007fff69bbb000 	/usr/lib/system/libmacho.dylib
0x00007fff69bc1000 	/usr/lib/system/libquarantine.dylib
0x00007fff69bc4000 	/usr/lib/system/libremovefile.dylib
0x00007fff69bc6000 	/usr/lib/system/libsystem_asl.dylib
0x00007fff69bde000 	/usr/lib/system/libsystem_blocks.dylib
0x00007fff69bdf000 	/usr/lib/system/libsystem_c.dylib
0x00007fff69c67000 	/usr/lib/system/libsystem_configuration.dylib
0x00007fff69c6b000 	/usr/lib/system/libsystem_coreservices.dylib
0x00007fff69c6f000 	/usr/lib/system/libsystem_darwin.dylib
0x00007fff69c78000 	/usr/lib/system/libsystem_dnssd.dylib
0x00007fff69c80000 	/usr/lib/system/libsystem_featureflags.dylib
0x00007fff69c82000 	/usr/lib/system/libsystem_info.dylib
0x00007fff69cfd000 	/usr/lib/system/libsystem_m.dylib
0x00007fff69d45000 	/usr/lib/system/libsystem_malloc.dylib
0x00007fff69d6d000 	/usr/lib/system/libsystem_networkextension.dylib
0x00007fff69d7b000 	/usr/lib/system/libsystem_notify.dylib
0x00007fff69d99000 	/usr/lib/system/libsystem_sandbox.dylib
0x00007fff69d9e000 	/usr/lib/system/libsystem_secinit.dylib
0x00007fff69cd0000 	/usr/lib/system/libsystem_kernel.dylib
0x00007fff69d85000 	/usr/lib/system/libsystem_platform.dylib
0x00007fff69d8e000 	/usr/lib/system/libsystem_pthread.dylib
0x00007fff69da1000 	/usr/lib/system/libsystem_symptoms.dylib
0x00007fff69da9000 	/usr/lib/system/libsystem_trace.dylib
0x00007fff69dc1000 	/usr/lib/system/libunwind.dylib
0x00007fff69dc7000 	/usr/lib/system/libxpc.dylib
0x00007fff66eaf000 	/usr/lib/libc++abi.dylib
0x00007fff67cb1000 	/usr/lib/liblzma.5.dylib
0x00007fff6792e000 	/usr/lib/libfakelink.dylib
0x00007fff66c68000 	/usr/lib/libarchive.2.dylib
0x00007fff3d4a9000 	/System/Library/Frameworks/SystemConfiguration.framework/Versions/A/SystemConfiguration
0x00007fff665d3000 	/usr/lib/libCRFSuite.dylib
0x00007fff2e312000 	/System/Library/Frameworks/CFNetwork.framework/Versions/A/CFNetwork
0x00007fff66e3e000 	/usr/lib/libbsm.0.dylib
0x00007fff69bad000 	/usr/lib/system/libkxld.dylib
0x00007fff433e6000 	/System/Library/PrivateFrameworks/AppleFSCompression.framework/Versions/A/AppleFSCompression
0x00007fff671c9000 	/usr/lib/libcoretls.dylib
0x00007fff671e0000 	/usr/lib/libcoretls_cfhelpers.dylib
0x00007fff68a1a000 	/usr/lib/libpam.2.dylib
0x00007fff68b4f000 	/usr/lib/libsqlite3.dylib
0x00007fff68f8e000 	/usr/lib/libxar.1.dylib
0x00007fff66e4f000 	/usr/lib/libbz2.1.0.dylib
0x00007fff6794f000 	/usr/lib/libiconv.2.dylib
0x00007fff66ec5000 	/usr/lib/libcharset.1.dylib
0x00007fff684b7000 	/usr/lib/libnetwork.dylib
0x00007fff68a21000 	/usr/lib/libpcap.A.dylib
0x00007fff66c1d000 	/usr/lib/libapple_nghttp2.dylib
0x00007fff31242000 	/System/Library/Frameworks/CoreServices.framework/Versions/A/Frameworks/FSEvents.framework/Versions/A/FSEvents
0x00007fff30f12000 	/System/Library/Frameworks/CoreServices.framework/Versions/A/Frameworks/CarbonCore.framework/Versions/A/CarbonCore
0x00007fff31486000 	/System/Library/Frameworks/CoreServices.framework/Versions/A/Frameworks/Metadata.framework/Versions/A/Metadata
0x00007fff3151f000 	/System/Library/Frameworks/CoreServices.framework/Versions/A/Frameworks/OSServices.framework/Versions/A/OSServices
0x00007fff3154d000 	/System/Library/Frameworks/CoreServices.framework/Versions/A/Frameworks/SearchKit.framework/Versions/A/SearchKit
0x00007fff30e8c000 	/System/Library/Frameworks/CoreServices.framework/Versions/A/Frameworks/AE.framework/Versions/A/AE
0x00007fff3124b000 	/System/Library/Frameworks/CoreServices.framework/Versions/A/Frameworks/LaunchServices.framework/Versions/A/LaunchServices
0x00007fff311f4000 	/System/Library/Frameworks/CoreServices.framework/Versions/A/Frameworks/DictionaryServices.framework/Versions/A/DictionaryServices
0x00007fff315b5000 	/System/Library/Frameworks/CoreServices.framework/Versions/A/Frameworks/SharedFileList.framework/Versions/A/SharedFileList
0x00007fff36444000 	/System/Library/Frameworks/NetFS.framework/Versions/A/NetFS
0x00007fff57133000 	/System/Library/PrivateFrameworks/NetAuth.framework/Versions/A/NetAuth
0x00007fff63ab3000 	/System/Library/PrivateFrameworks/login.framework/Versions/A/Frameworks/loginsupport.framework/Versions/A/loginsupport
0x00007fff603bf000 	/System/Library/PrivateFrameworks/TCC.framework/Versions/A/TCC
0x00007fff48018000 	/System/Library/PrivateFrameworks/CoreNLP.framework/Versions/A/CoreNLP
0x00007fff56630000 	/System/Library/PrivateFrameworks/MetadataUtilities.framework/Versions/A/MetadataUtilities
0x00007fff67d89000 	/usr/lib/libmecabra.dylib
0x00007fff67ce1000 	/usr/lib/libmecab.dylib
0x00007fff6793f000 	/usr/lib/libgermantok.dylib
0x00007fff66c04000 	/usr/lib/libThaiTokenizer.dylib
0x00007fff6660a000 	/usr/lib/libChineseTokenizer.dylib
0x00007fff2b742000 	/System/Library/Frameworks/Accelerate.framework/Versions/A/Frameworks/vImage.framework/Versions/A/vImage
0x00007fff2cbac000 	/System/Library/Frameworks/Accelerate.framework/Versions/A/Frameworks/vecLib.framework/Versions/A/vecLib
0x00007fff2cae9000 	/System/Library/Frameworks/Accelerate.framework/Versions/A/Frameworks/vecLib.framework/Versions/A/libvMisc.dylib
0x00007fff2c911000 	/System/Library/Frameworks/Accelerate.framework/Versions/A/Frameworks/vecLib.framework/Versions/A/libvDSP.dylib
0x00007fff2bd99000 	/System/Library/Frameworks/Accelerate.framework/Versions/A/Frameworks/vecLib.framework/Versions/A/libBLAS.dylib
0x00007fff2c4d5000 	/System/Library/Frameworks/Accelerate.framework/Versions/A/Frameworks/vecLib.framework/Versions/A/libLAPACK.dylib
0x00007fff2c871000 	/System/Library/Frameworks/Accelerate.framework/Versions/A/Frameworks/vecLib.framework/Versions/A/libLinearAlgebra.dylib
0x00007fff2c8fe000 	/System/Library/Frameworks/Accelerate.framework/Versions/A/Frameworks/vecLib.framework/Versions/A/libSparseBLAS.dylib
0x00007fff2c887000 	/System/Library/Frameworks/Accelerate.framework/Versions/A/Frameworks/vecLib.framework/Versions/A/libQuadrature.dylib
0x00007fff2c001000 	/System/Library/Frameworks/Accelerate.framework/Versions/A/Frameworks/vecLib.framework/Versions/A/libBNNS.dylib
0x00007fff2c88d000 	/System/Library/Frameworks/Accelerate.framework/Versions/A/Frameworks/vecLib.framework/Versions/A/libSparse.dylib
0x00007fff551a4000 	/System/Library/PrivateFrameworks/LanguageModeling.framework/Versions/A/LanguageModeling
0x00007fff479c8000 	/System/Library/PrivateFrameworks/CoreEmoji.framework/Versions/A/CoreEmoji
0x00007fff552c2000 	/System/Library/PrivateFrameworks/LinguisticData.framework/Versions/A/LinguisticData
0x00007fff55273000 	/System/Library/PrivateFrameworks/Lexicon.framework/Versions/A/Lexicon
0x00007fff66ec6000 	/usr/lib/libcmph.dylib
0x00007fff39033000 	/System/Library/Frameworks/OpenDirectory.framework/Versions/A/Frameworks/CFOpenDirectory.framework/Versions/A/CFOpenDirectory
0x00007fff39050000 	/System/Library/Frameworks/OpenDirectory.framework/Versions/A/OpenDirectory
0x00007fff41493000 	/System/Library/PrivateFrameworks/APFS.framework/Versions/A/APFS
0x00007fff3c742000 	/System/Library/Frameworks/SecurityFoundation.framework/Versions/A/SecurityFoundation
0x00007fff68f8a000 	/usr/lib/libutil.dylib
0x00007fff48efd000 	/System/Library/PrivateFrameworks/CoreServicesStore.framework/Versions/A/CoreServicesStore
0x00007fff3c7f9000 	/System/Library/Frameworks/ServiceManagement.framework/Versions/A/ServiceManagement
0x00007fff44bb6000 	/System/Library/PrivateFrameworks/BackgroundTaskManagement.framework/Versions/A/BackgroundTaskManagement
0x00007fff69087000 	/usr/lib/libxslt.1.dylib
0x00007fff43a59000 	/System/Library/PrivateFrameworks/AppleSystemInfo.framework/Versions/A/AppleSystemInfo
0x00007fff32beb000 	/System/Library/Frameworks/ImageIO.framework/Versions/A/Resources/libJPEG.dylib
0x00007fff32ea8000 	/System/Library/Frameworks/ImageIO.framework/Versions/A/Resources/libTIFF.dylib
0x00007fff32e8b000 	/System/Library/Frameworks/ImageIO.framework/Versions/A/Resources/libPng.dylib
0x00007fff32b2d000 	/System/Library/Frameworks/ImageIO.framework/Versions/A/Resources/libGIF.dylib
0x00007fff32b31000 	/System/Library/Frameworks/ImageIO.framework/Versions/A/Resources/libJP2.dylib
0x00007fff32ea6000 	/System/Library/Frameworks/ImageIO.framework/Versions/A/Resources/libRadiance.dylib
0x00007fff67908000 	/usr/lib/libexpat.1.dylib
0x00007fff43541000 	/System/Library/PrivateFrameworks/AppleJPEG.framework/Versions/A/AppleJPEG
0x00007fff4c213000 	/System/Library/PrivateFrameworks/FontServices.framework/libFontParser.dylib
0x00007fff62ab5000 	/System/Library/PrivateFrameworks/WatchdogClient.framework/Versions/A/WatchdogClient
0x00007fff547ff000 	/System/Library/PrivateFrameworks/IOAccelerator.framework/Versions/A/IOAccelerator
0x00007fff353b5000 	/System/Library/Frameworks/MetalPerformanceShaders.framework/Versions/A/MetalPerformanceShaders
0x00007fff50f8f000 	/System/Library/PrivateFrameworks/GPUWrangler.framework/Versions/A/GPUWrangler
0x00007fff54814000 	/System/Library/PrivateFrameworks/IOPresentment.framework/Versions/A/IOPresentment
0x00007fff49a7d000 	/System/Library/PrivateFrameworks/DSExternalDisplay.framework/Versions/A/DSExternalDisplay
0x00007fff399c4000 	/System/Library/Frameworks/OpenGL.framework/Versions/A/Libraries/libCoreFSCache.dylib
0x00007fff35101000 	/System/Library/Frameworks/MetalPerformanceShaders.framework/Frameworks/MPSCore.framework/Versions/A/MPSCore
0x00007fff3513f000 	/System/Library/Frameworks/MetalPerformanceShaders.framework/Frameworks/MPSImage.framework/Versions/A/MPSImage
0x00007fff35206000 	/System/Library/Frameworks/MetalPerformanceShaders.framework/Frameworks/MPSNeuralNetwork.framework/Versions/A/MPSNeuralNetwork
0x00007fff351ca000 	/System/Library/Frameworks/MetalPerformanceShaders.framework/Frameworks/MPSMatrix.framework/Versions/A/MPSMatrix
0x00007fff35365000 	/System/Library/Frameworks/MetalPerformanceShaders.framework/Frameworks/MPSRayIntersector.framework/Versions/A/MPSRayIntersector
0x00007fff351f0000 	/System/Library/Frameworks/MetalPerformanceShaders.framework/Frameworks/MPSNDArray.framework/Versions/A/MPSNDArray
0x00007fff5667d000 	/System/Library/PrivateFrameworks/MetalTools.framework/Versions/A/MetalTools
0x00007fff4266d000 	/System/Library/PrivateFrameworks/AggregateDictionary.framework/Versions/A/AggregateDictionary
0x00007fff47410000 	/System/Library/PrivateFrameworks/CoreAnalytics.framework/Versions/A/CoreAnalytics
0x00007fff43978000 	/System/Library/PrivateFrameworks/AppleSauce.framework/Versions/A/AppleSauce
0x00007fff668c6000 	/usr/lib/libIOReport.dylib
0x00007fff31ab6000 	/System/Library/Frameworks/CoreVideo.framework/Versions/A/CoreVideo
0x00007fff52408000 	/System/Library/PrivateFrameworks/GraphVisualizer.framework/Versions/A/GraphVisualizer
0x00007fff4b759000 	/System/Library/PrivateFrameworks/FaceCore.framework/Versions/A/FaceCore
0x00007fff38fda000 	/System/Library/Frameworks/OpenCL.framework/Versions/A/OpenCL
0x00007fff666e8000 	/usr/lib/libFosl_dynamic.dylib
0x00007fff57b49000 	/System/Library/PrivateFrameworks/OTSVG.framework/Versions/A/OTSVG
0x00007fff2dc6b000 	/System/Library/Frameworks/ApplicationServices.framework/Versions/A/Frameworks/ATS.framework/Versions/A/Resources/libFontRegistry.dylib
0x00007fff4c3e3000 	/System/Library/PrivateFrameworks/FontServices.framework/libhvf.dylib
0x00007fff399cf000 	/System/Library/Frameworks/OpenGL.framework/Versions/A/Libraries/libGFXShared.dylib
0x00007fff39bad000 	/System/Library/Frameworks/OpenGL.framework/Versions/A/Libraries/libGLU.dylib
0x00007fff399d8000 	/System/Library/Frameworks/OpenGL.framework/Versions/A/Libraries/libGL.dylib
0x00007fff399e3000 	/System/Library/Frameworks/OpenGL.framework/Versions/A/Libraries/libGLImage.dylib
0x00007fff399c1000 	/System/Library/Frameworks/OpenGL.framework/Versions/A/Libraries/libCVMSPluginSupport.dylib
0x00007fff399ca000 	/System/Library/Frameworks/OpenGL.framework/Versions/A/Libraries/libCoreVMClient.dylib
0x00007fff68358000 	/usr/lib/libncurses.5.4.dylib
0x00007fff2db67000 	/System/Library/Frameworks/ApplicationServices.framework/Versions/A/Frameworks/ATS.framework/Versions/A/ATS
0x00007fff2dd34000 	/System/Library/Frameworks/ApplicationServices.framework/Versions/A/Frameworks/ColorSyncLegacy.framework/Versions/A/ColorSyncLegacy
0x00007fff2ddd2000 	/System/Library/Frameworks/ApplicationServices.framework/Versions/A/Frameworks/HIServices.framework/Versions/A/HIServices
0x00007fff2de2a000 	/System/Library/Frameworks/ApplicationServices.framework/Versions/A/Frameworks/LangAnalysis.framework/Versions/A/LangAnalysis
0x00007fff2de39000 	/System/Library/Frameworks/ApplicationServices.framework/Versions/A/Frameworks/PrintCore.framework/Versions/A/PrintCore
0x00007fff2de7f000 	/System/Library/Frameworks/ApplicationServices.framework/Versions/A/Frameworks/QD.framework/Versions/A/QD
0x00007fff2de8a000 	/System/Library/Frameworks/ApplicationServices.framework/Versions/A/Frameworks/SpeechSynthesis.framework/Versions/A/SpeechSynthesis
0x00007fff2dd04000 	/System/Library/Frameworks/ApplicationServices.framework/Versions/A/Frameworks/ATSUI.framework/Versions/A/ATSUI
0x00007fff6779e000 	/usr/lib/libcups.2.dylib
0x00007fff34450000 	/System/Library/Frameworks/Kerberos.framework/Versions/A/Kerberos
0x00007fff32592000 	/System/Library/Frameworks/GSS.framework/Versions/A/GSS
0x00007fff68adb000 	/usr/lib/libresolv.9.dylib
0x00007fff525b5000 	/System/Library/PrivateFrameworks/Heimdal.framework/Versions/A/Heimdal
0x00007fff34463000 	/System/Library/Frameworks/Kerberos.framework/Versions/A/Libraries/libHeimdalProxy.dylib
0x00007fff67945000 	/usr/lib/libheimdal-asn1.dylib
0x00007fff468a8000 	/System/Library/PrivateFrameworks/CommonAuth.framework/Versions/A/CommonAuth
0x00007fff43af6000 	/System/Library/PrivateFrameworks/AssertionServices.framework/Versions/A/AssertionServices
0x00007fff44699000 	/System/Library/PrivateFrameworks/AudioToolboxCore.framework/Versions/A/AudioToolboxCore
0x00007fff63763000 	/System/Library/PrivateFrameworks/caulk.framework/Versions/A/caulk
0x00007fff44c62000 	/System/Library/PrivateFrameworks/BaseBoard.framework/Versions/A/BaseBoard
0x00007fff5bdac000 	/System/Library/PrivateFrameworks/RunningBoardServices.framework/Versions/A/RunningBoardServices
0x00007fff58dbd000 	/System/Library/PrivateFrameworks/PersistentConnection.framework/Versions/A/PersistentConnection
0x00007fff5b7a5000 	/System/Library/PrivateFrameworks/ProtocolBuffer.framework/Versions/A/ProtocolBuffer
0x00007fff468cc000 	/System/Library/PrivateFrameworks/CommonUtilities.framework/Versions/A/CommonUtilities
0x00007fff44df0000 	/System/Library/PrivateFrameworks/Bom.framework/Versions/A/Bom
0x00007fff66599000 	/usr/lib/libAudioToolboxUtility.dylib
0x00007fff44bc0000 	/System/Library/PrivateFrameworks/Backup.framework/Versions/A/Backup
0x00007fff4999e000 	/System/Library/PrivateFrameworks/CrashReporterSupport.framework/Versions/A/CrashReporterSupport
0x00007fff5d83e000 	/System/Library/PrivateFrameworks/Sharing.framework/Versions/A/Sharing
0x00007fff43104000 	/System/Library/PrivateFrameworks/Apple80211.framework/Versions/A/Apple80211
0x00007fff448dd000 	/System/Library/PrivateFrameworks/AuthKit.framework/Versions/A/AuthKit
0x00007fff496ab000 	/System/Library/PrivateFrameworks/CoreUtils.framework/Versions/A/CoreUtils
0x00007fff31afb000 	/System/Library/Frameworks/CoreWLAN.framework/Versions/A/CoreWLAN
0x00007fff3271f000 	/System/Library/Frameworks/IOBluetooth.framework/Versions/A/IOBluetooth
0x00007fff56982000 	/System/Library/PrivateFrameworks/MobileKeyBag.framework/Versions/A/MobileKeyBag
0x00007fff484b0000 	/System/Library/PrivateFrameworks/CorePhoneNumbers.framework/Versions/A/CorePhoneNumbers
0x00007fff434f4000 	/System/Library/PrivateFrameworks/AppleIDAuthSupport.framework/Versions/A/AppleIDAuthSupport
0x00007fff36451000 	/System/Library/Frameworks/Network.framework/Versions/A/Network
0x00007fff55050000 	/System/Library/PrivateFrameworks/KeychainCircle.framework/Versions/A/KeychainCircle
0x00007fff2f54c000 	/System/Library/Frameworks/CoreBluetooth.framework/Versions/A/CoreBluetooth
0x00007fff5f8bd000 	/System/Library/PrivateFrameworks/SpeechRecognitionCore.framework/Versions/A/SpeechRecognitionCore
0x0000000103a00000 	/Applications/Android Studio.app/Contents/jre/jdk/Contents/Home/jre/lib/server/libjvm.dylib
0x00007fff68e5d000 	/usr/lib/libstdc++.6.dylib
0x000000010313d000 	/Applications/Android Studio.app/Contents/jre/jdk/Contents/Home/jre/lib/libverify.dylib
0x000000010314f000 	/Applications/Android Studio.app/Contents/jre/jdk/Contents/Home/jre/lib/libjava.dylib
0x00000001031e3000 	/Applications/Android Studio.app/Contents/jre/jdk/Contents/Home/jre/lib/libzip.dylib
0x000000010bc7e000 	/Applications/Android Studio.app/Contents/jre/jdk/Contents/Home/jre/lib/libnio.dylib
0x000000010bc99000 	/Applications/Android Studio.app/Contents/jre/jdk/Contents/Home/jre/lib/libnet.dylib
0x000000010bcff000 	/private/var/folders/81/5w0b4bs535x6wrsmh0l4xrnh0000gn/T/libgdxmarenisachsen/5f446c54/libgdx64.dylib
0x000000010bd41000 	/Applications/Android Studio.app/Contents/jre/jdk/Contents/Home/jre/lib/libawt.dylib
0x000000010be02000 	/Applications/Android Studio.app/Contents/jre/jdk/Contents/Home/jre/lib/libmlib_image.dylib
0x00007fff3443a000 	/System/Library/Frameworks/JavaVM.framework/Versions/A/Frameworks/JavaNativeFoundation.framework/Versions/A/JavaNativeFoundation
0x00007fff34443000 	/System/Library/Frameworks/JavaVM.framework/Versions/A/Frameworks/JavaRuntimeSupport.framework/Versions/A/JavaRuntimeSupport
0x00007fff3444b000 	/System/Library/Frameworks/JavaVM.framework/Versions/A/JavaVM
0x00007fff54e67000 	/System/Library/PrivateFrameworks/JavaLaunching.framework/Versions/A/JavaLaunching
0x00007fff2e71d000 	/System/Library/Frameworks/Carbon.framework/Versions/A/Carbon
0x00007fff49450000 	/System/Library/PrivateFrameworks/CoreSymbolication.framework/Versions/A/CoreSymbolication
0x00007fff2e71e000 	/System/Library/Frameworks/Carbon.framework/Versions/A/Frameworks/CommonPanels.framework/Versions/A/CommonPanels
0x00007fff2ea17000 	/System/Library/Frameworks/Carbon.framework/Versions/A/Frameworks/Help.framework/Versions/A/Help
0x00007fff2ea1b000 	/System/Library/Frameworks/Carbon.framework/Versions/A/Frameworks/ImageCapture.framework/Versions/A/ImageCapture
0x00007fff2ea22000 	/System/Library/Frameworks/Carbon.framework/Versions/A/Frameworks/OpenScripting.framework/Versions/A/OpenScripting
0x00007fff2ea21000 	/System/Library/Frameworks/Carbon.framework/Versions/A/Frameworks/Ink.framework/Versions/A/Ink
0x00007fff2ea5d000 	/System/Library/Frameworks/Carbon.framework/Versions/A/Frameworks/Print.framework/Versions/A/Print
0x00007fff2ea5e000 	/System/Library/Frameworks/Carbon.framework/Versions/A/Frameworks/SecurityHI.framework/Versions/A/SecurityHI
0x00007fff49bd2000 	/System/Library/PrivateFrameworks/DebugSymbols.framework/Versions/A/DebugSymbols
0x000000010bec8000 	/Applications/Android Studio.app/Contents/jre/jdk/Contents/Home/jre/lib/libawt_lwawt.dylib
0x000000010bfb7000 	/Applications/Android Studio.app/Contents/jre/jdk/Contents/Home/jre/lib/libosxapp.dylib
0x00007fff31ffb000 	/System/Library/Frameworks/ExceptionHandling.framework/Versions/A/ExceptionHandling
0x00007fff48ec9000 	/System/Library/PrivateFrameworks/CoreServicesInternal.framework/Versions/A/CoreServicesInternal
0x00007fff3201a000 	/System/Library/Frameworks/FileProvider.framework/Versions/A/FileProvider
0x00007fff2cbad000 	/System/Library/Frameworks/Accounts.framework/Versions/A/Accounts
0x00007fff512b4000 	/System/Library/PrivateFrameworks/GenerationalStorage.framework/Versions/A/GenerationalStorage
0x00007fff600ff000 	/System/Library/PrivateFrameworks/SymptomDiagnosticReporter.framework/Versions/A/SymptomDiagnosticReporter
0x00007fff42c08000 	/System/Library/PrivateFrameworks/AppContainer.framework/Versions/A/AppContainer
0x00007fff68af5000 	/usr/lib/libsandbox.1.dylib
0x00007fff61a58000 	/System/Library/PrivateFrameworks/UserManagement.framework/Versions/A/UserManagement
0x00007fff459ac000 	/System/Library/PrivateFrameworks/ChunkingLibrary.framework/Versions/A/ChunkingLibrary
0x00007fff42c7a000 	/System/Library/PrivateFrameworks/AppSandbox.framework/Versions/A/AppSandbox
0x00007fff5d6c8000 	/System/Library/PrivateFrameworks/SecCodeWrapper.framework/Versions/A/SecCodeWrapper
0x00007fff669ae000 	/usr/lib/libMatch.1.dylib
0x00007fff22b95000 	/System/Library/CoreServices/RawCamera.bundle/Contents/MacOS/RawCamera
0x00007fff567ac000 	/System/Library/PrivateFrameworks/MobileAsset.framework/Versions/A/MobileAsset
0x00007fff5ffa7000 	/System/Library/PrivateFrameworks/StreamingZip.framework/Versions/A/StreamingZip
0x00007fff348cb000 	/System/Library/Frameworks/MediaToolbox.framework/Versions/A/MediaToolbox
0x00007fff473c0000 	/System/Library/PrivateFrameworks/CoreAVCHD.framework/Versions/A/CoreAVCHD
0x00007fff347f5000 	/System/Library/Frameworks/MediaAccessibility.framework/Versions/A/MediaAccessibility
0x00007fff55b60000 	/System/Library/PrivateFrameworks/Mangrove.framework/Versions/A/Mangrove
0x00007fff30cc3000 	/System/Library/Frameworks/CoreMedia.framework/Versions/A/CoreMedia
0x00007fff55dcc000 	/System/Library/PrivateFrameworks/MediaExperience.framework/Versions/A/MediaExperience
0x00007fff3d7a3000 	/System/Library/Frameworks/VideoToolbox.framework/Versions/A/VideoToolbox
0x00007fff46fea000 	/System/Library/PrivateFrameworks/CoreAUC.framework/Versions/A/CoreAUC
0x00007fff68b4d000 	/usr/lib/libspindump.dylib
0x00007fff44048000 	/System/Library/PrivateFrameworks/AudioResourceArbitration.framework/Versions/A/AudioResourceArbitration
0x00007fff43a5d000 	/System/Library/PrivateFrameworks/AppleVA.framework/Versions/A/AppleVA
0x00007fff2b72b000 	/System/Library/Frameworks/Accelerate.framework/Versions/A/Frameworks/vImage.framework/Versions/A/Libraries/libCGInterfaces.dylib
0x000000011c90b000 	/usr/lib/libobjc-trampolines.dylib
0x00007fff4c34b000 	/System/Library/PrivateFrameworks/FontServices.framework/libTrueTypeScaler.dylib
0x00007fff284a3000 	/System/Library/Extensions/AppleIntelKBLGraphicsMTLDriver.bundle/Contents/MacOS/AppleIntelKBLGraphicsMTLDriver
0x00007fff4f8d4000 	/System/Library/PrivateFrameworks/GPUCompiler.framework/Versions/3902/Libraries/libmetal_timestamp.dylib
0x00007fff62824000 	/System/Library/PrivateFrameworks/ViewBridge.framework/Versions/A/ViewBridge
0x00007fff63ab6000 	/System/Library/PrivateFrameworks/login.framework/Versions/A/login
0x000000011d96f000 	/Applications/Android Studio.app/Contents/jre/jdk/Contents/Home/jre/lib/libfontmanager.dylib
0x000000011da97000 	/Applications/Android Studio.app/Contents/jre/jdk/Contents/Home/jre/lib/libfreetype.dylib.6
0x000000011db99000 	/private/var/folders/81/5w0b4bs535x6wrsmh0l4xrnh0000gn/T/libgdxmarenisachsen/f7649394/liblwjgl.dylib
0x000000011d0de000 	/Applications/Android Studio.app/Contents/jre/jdk/Contents/Home/jre/lib/libjawt.dylib
0x000000011dc1b000 	/private/var/folders/81/5w0b4bs535x6wrsmh0l4xrnh0000gn/T/libgdxmarenisachsen/f7649394/openal.dylib
0x000000011dc8b000 	/System/Library/Components/CoreAudio.component/Contents/MacOS/CoreAudio
0x00007fff44582000 	/System/Library/PrivateFrameworks/AudioSession.framework/Versions/A/AudioSession
0x00007fff445d4000 	/System/Library/PrivateFrameworks/AudioSession.framework/libSessionUtility.dylib
0x00007fff3a635000 	/System/Library/Frameworks/OpenGL.framework/Versions/A/Resources/GLEngine.bundle/GLEngine
0x00007fff39a18000 	/System/Library/Frameworks/OpenGL.framework/Versions/A/Libraries/libGLProgrammability.dylib
0x00007fff2749b000 	/System/Library/Extensions/AppleIntelKBLGraphicsGLDriver.bundle/Contents/MacOS/AppleIntelKBLGraphicsGLDriver
0x00007fff50f83000 	/System/Library/PrivateFrameworks/GPUSupport.framework/Versions/A/Libraries/libGPUSupportMercury.dylib
0x00007fff3a7af000 	/System/Library/Frameworks/OpenGL.framework/Versions/A/Resources/GLRendererFloat.bundle/GLRendererFloat
0x00007fff38fd1000 	/System/Library/Frameworks/OpenCL.framework/Versions/A/Libraries/libcldcpuengine.dylib
0x00007fff60179000 	/System/Library/PrivateFrameworks/SystemAdministration.framework/Versions/A/SystemAdministration
0x00007fff4a110000 	/System/Library/PrivateFrameworks/DiskManagement.framework/Versions/A/DiskManagement
0x00007fff31d44000 	/System/Library/Frameworks/DirectoryService.framework/Versions/A/DirectoryService
0x00007fff4a047000 	/System/Library/PrivateFrameworks/DiskImages.framework/Versions/A/DiskImages
0x00007fff5536b000 	/System/Library/PrivateFrameworks/LoginUIKit.framework/Versions/A/Frameworks/LoginUICore.framework/Versions/A/LoginUICore
0x00007fff66615000 	/usr/lib/libCoreStorage.dylib
0x00007fff6778b000 	/usr/lib/libcsfde.dylib
0x00007fff68a08000 	/usr/lib/libodfde.dylib
0x00007fff55e57000 	/System/Library/PrivateFrameworks/MediaKit.framework/Versions/A/MediaKit
0x00007fff31d50000 	/System/Library/Frameworks/DiscRecording.framework/Versions/A/DiscRecording
0x00007fff4a2c6000 	/System/Library/PrivateFrameworks/EFILogin.framework/Versions/A/EFILogin
0x00007fff5b74a000 	/System/Library/PrivateFrameworks/ProtectedCloudStorage.framework/Versions/A/ProtectedCloudStorage
0x00007fff677ff000 	/usr/lib/libcurl.4.dylib
0x00007fff67684000 	/usr/lib/libcrypto.44.dylib
0x00007fff68e2d000 	/usr/lib/libssl.46.dylib
0x00007fff34464000 	/System/Library/Frameworks/LDAP.framework/Versions/A/LDAP
0x00007fff60b51000 	/System/Library/PrivateFrameworks/TrustEvaluationAgent.framework/Versions/A/TrustEvaluationAgent
0x00007fff68b3a000 	/usr/lib/libsasl2.2.dylib
0x00007fff4773c000 	/System/Library/PrivateFrameworks/CoreDaemon.framework/Versions/B/CoreDaemon
0x00007fff43973000 	/System/Library/PrivateFrameworks/AppleSRP.framework/Versions/A/AppleSRP

VM Arguments:
jvm_args: -Dfile.encoding=UTF-8 -Duser.country=NO -Duser.language=nb -Duser.variant 
java_command: com.mygdx.game.desktop.DesktopLauncher
java_class_path (initial): /Users/marenisachsen/Documents/øving 1/Helicopter/desktop/build/classes/java/main:/Users/marenisachsen/Documents/øving 1/Helicopter/desktop/build/resources/main:/Users/marenisachsen/.gradle/caches/modules-2/files-2.1/com.badlogicgames.gdx/gdx-backend-lwjgl/1.9.13/ed6e70cf224ad7d8cfa8e1b3f0e97760a8125e90/gdx-backend-lwjgl-1.9.13.jar:/Users/marenisachsen/.gradle/caches/modules-2/files-2.1/com.badlogicgames.gdx/gdx-platform/1.9.13/36e453b8ebdf004e7ebbc8b0b23549316371c82/gdx-platform-1.9.13-natives-desktop.jar:/Users/marenisachsen/.gradle/caches/modules-2/files-2.1/com.badlogicgames.gdx/gdx-box2d-platform/1.9.13/ce1d100ee60a6c5f1f14a15be8f44e5de478bc7b/gdx-box2d-platform-1.9.13-natives-desktop.jar:/Users/marenisachsen/Documents/øving 1/Helicopter/core/build/libs/core-1.0.jar:/Users/marenisachsen/.gradle/caches/modules-2/files-2.1/com.badlogicgames.gdx/gdx-box2d/1.9.13/11d01da43038e0b123f7f7187abc762a26e7a7bf/gdx-box2d-1.9.13.jar:/Users/marenisachsen/.gradle/caches/modules-2/files-2.1/com.badlogicgames.gdx/gdx/1.9.13/3a246302e97759c7d171678db765cd5521af0cd9/gdx-1.9.13.jar:/Users/marenisachsen/.gradle/caches/modules-2/files-2.1/org.lwjgl.lwjgl/lwjgl_util/2.9.3/751f06b62424da056954c67288fd5c494431e350/lwjgl_util-2.9.3.jar:/Users/marenisachsen/.gradle/caches/modules-2/files-2.1/org.lwjgl.lwjgl/lwjgl/2.9.3/3df168ac74e4a8c96562cdff24ad352e255bf89c/lwjgl-2.9.3.jar:/Users/marenisachsen/.gradle/caches/modules-2/files-2.1/com.badlogicgames.jlayer/jlayer/1.0.1-gdx/7cca83cec5c1b2f011362f4d85aabd71a73b049d/jlayer-1.0.1-gdx.jar:/Users/marenisachsen/.gradle/caches/modules-2/files-2.1/org.jcraft/jorbis/0.0.17/8872d22b293e8f5d7d56ff92be966e6dc28ebdc6/jorbis-0.0.17.jar:/Users/marenisachsen/.gradle/caches/modules-2/files-2.1/org.lwjgl.lwjgl/lwjgl-platform/2.9.3/fbc2afb3e288578e9942578decb6291a490549a0/lwjgl-platform-2.9.3-natives-windows.jar:/Users/marenisachsen/.gradle/caches/modules-2/files-2.1/org.lwjgl.lwjgl/lwjgl-platform/2.9.3/b1eafe80093381c56415731e
Launcher Type: SUN_STANDARD

Environment Variables:
PATH=/usr/local/bin:/usr/bin:/bin:/usr/sbin:/sbin
SHELL=/bin/zsh

Signal Handlers:
SIGSEGV: [libjvm.dylib+0x565c43], sa_mask[0]=11111111011111110111111111111111, sa_flags=SA_ONSTACK|SA_RESTART|SA_SIGINFO
SIGBUS: [libjvm.dylib+0x565c43], sa_mask[0]=11111111011111110111111111111111, sa_flags=SA_RESTART|SA_SIGINFO
SIGFPE: [libjvm.dylib+0x45dd9d], sa_mask[0]=11111111011111110111111111111111, sa_flags=SA_RESTART|SA_SIGINFO
SIGPIPE: [libjvm.dylib+0x45dd9d], sa_mask[0]=11111111011111110111111111111111, sa_flags=SA_RESTART|SA_SIGINFO
SIGXFSZ: [libjvm.dylib+0x45dd9d], sa_mask[0]=11111111011111110111111111111111, sa_flags=SA_RESTART|SA_SIGINFO
SIGILL: [libjvm.dylib+0x45dd9d], sa_mask[0]=11111111011111110111111111111111, sa_flags=SA_RESTART|SA_SIGINFO
SIGUSR1: SIG_DFL, sa_mask[0]=00000000000000000000000000000000, sa_flags=none
SIGUSR2: [libjvm.dylib+0x45e69c], sa_mask[0]=00100000000000000000000000000000, sa_flags=SA_RESTART|SA_SIGINFO
SIGHUP: [libjvm.dylib+0x45c8c1], sa_mask[0]=11111111011111110111111111111111, sa_flags=SA_RESTART|SA_SIGINFO
SIGINT: [libjvm.dylib+0x45c8c1], sa_mask[0]=11111111011111110111111111111111, sa_flags=SA_RESTART|SA_SIGINFO
SIGTERM: [libjvm.dylib+0x45c8c1], sa_mask[0]=11111111011111110111111111111111, sa_flags=SA_RESTART|SA_SIGINFO
SIGQUIT: [libjvm.dylib+0x45c8c1], sa_mask[0]=11111111011111110111111111111111, sa_flags=SA_RESTART|SA_SIGINFO


---------------  S Y S T E M  ---------------

OS:Bsduname:Darwin 19.6.0 Darwin Kernel Version 19.6.0: Tue Nov 10 00:10:30 PST 2020; root:xnu-6153.141.10~1/RELEASE_X86_64 x86_64
rlimit: STACK 8192k, CORE 0k, NPROC 1392, NOFILE 10240, AS infinity
load average:5.66 4.28 3.61

CPU:total 4 (initial active 4) (2 cores per cpu, 2 threads per core) family 6 model 142 stepping 9, cmov, cx8, fxsr, mmx, sse, sse2, sse3, ssse3, sse4.1, sse4.2, popcnt, avx, avx2, aes, clmul, erms, 3dnowpref, lzcnt, ht, tsc, tscinvbit, bmi1, bmi2, adx

Memory: 4k page, physical 8388608k(16716k free)

/proc/meminfo:


vm_info: OpenJDK 64-Bit Server VM (25.242-b3-6915495) for bsd-amd64 JRE (1.8.0_242-release-1644-b3-6915495), built by "android-build" with gcc 4.2.1 Compatible Android (5484270 based on r353983c) Clang 9.0.3 (https://android.googlesource.com/toolchain/clang 745b335211bb9eadfa6aa6301f84715cee4b37c5) (https://android.googlesource.com/toolchain/llvm 60cf23e54e46c807513f7a36d0a7b777920b5881)

time: Thu Jan 28 16:33:31 2021
timezone: CET
elapsed time: 27 seconds (0d 0h 0m 27s)

